2025-10-29 13:25:25,259 - app.services.backup_service - ERROR - Error during auto backup: can't subtract offset-naive and offset-aware datetimes
2025-10-29 13:25:25,259 - app.services.scheduler_service - ERROR - Automatic backup failed: Error during auto backup: can't subtract offset-naive and offset-aware datetimes
2025-10-29 13:44:28,336 - app.services.data_persistence - ERROR - Database error during request: (sqlite3.OperationalError) no such column: users.failed_login_attempts
[SQL: SELECT users.id AS users_id, users.employee_id AS users_employee_id, users.username AS users_username, users.email AS users_email, users.password_hash AS users_password_hash, users.role AS users_role, users.first_name AS users_first_name, users.last_name AS users_last_name, users.full_name AS users_full_name, users.department AS users_department, users.designation AS users_designation, users.phone AS users_phone, users.address AS users_address, users.profile_picture AS users_profile_picture, users.is_protected AS users_is_protected, users.is_active AS users_is_active, users.requires_password_change AS users_requires_password_change, users.verification_code AS users_verification_code, users.failed_login_attempts AS users_failed_login_attempts, users.account_locked_until AS users_account_locked_until, users.last_login AS users_last_login, users.email_verified AS users_email_verified, users.email_verification_token AS users_email_verification_token, users.google_id AS users_google_id, users.oauth_provider AS users_oauth_provider, users.navigation_permissions AS users_navigation_permissions, users.created_at AS users_created_at 
FROM users 
WHERE users.id = ?]
[parameters: (1,)]
(Background on this error at: https://sqlalche.me/e/20/e3q8)
2025-10-29 13:44:29,488 - app.services.data_persistence - ERROR - Database error during request: (sqlite3.OperationalError) no such column: users.failed_login_attempts
[SQL: SELECT users.id AS users_id, users.employee_id AS users_employee_id, users.username AS users_username, users.email AS users_email, users.password_hash AS users_password_hash, users.role AS users_role, users.first_name AS users_first_name, users.last_name AS users_last_name, users.full_name AS users_full_name, users.department AS users_department, users.designation AS users_designation, users.phone AS users_phone, users.address AS users_address, users.profile_picture AS users_profile_picture, users.is_protected AS users_is_protected, users.is_active AS users_is_active, users.requires_password_change AS users_requires_password_change, users.verification_code AS users_verification_code, users.failed_login_attempts AS users_failed_login_attempts, users.account_locked_until AS users_account_locked_until, users.last_login AS users_last_login, users.email_verified AS users_email_verified, users.email_verification_token AS users_email_verification_token, users.google_id AS users_google_id, users.oauth_provider AS users_oauth_provider, users.navigation_permissions AS users_navigation_permissions, users.created_at AS users_created_at 
FROM users 
WHERE users.id = ?]
[parameters: (1,)]
(Background on this error at: https://sqlalche.me/e/20/e3q8)
2025-10-29 13:44:30,116 - app.services.backup_service - ERROR - Error during auto backup: can't subtract offset-naive and offset-aware datetimes
2025-10-29 13:44:30,117 - app.services.scheduler_service - ERROR - Automatic backup failed: Error during auto backup: can't subtract offset-naive and offset-aware datetimes
2025-10-29 13:44:52,081 - app.services.backup_service - ERROR - Error during auto backup: can't subtract offset-naive and offset-aware datetimes
2025-10-29 13:44:52,082 - app.services.scheduler_service - ERROR - Automatic backup failed: Error during auto backup: can't subtract offset-naive and offset-aware datetimes
2025-10-29 13:45:02,874 - app.services.backup_service - ERROR - Error during auto backup: can't subtract offset-naive and offset-aware datetimes
2025-10-29 13:45:02,874 - app.services.scheduler_service - ERROR - Automatic backup failed: Error during auto backup: can't subtract offset-naive and offset-aware datetimes
2025-10-29 13:45:28,249 - app.services.data_persistence - ERROR - Database error during request: (sqlite3.OperationalError) no such column: users.failed_login_attempts
[SQL: SELECT users.id AS users_id, users.employee_id AS users_employee_id, users.username AS users_username, users.email AS users_email, users.password_hash AS users_password_hash, users.role AS users_role, users.first_name AS users_first_name, users.last_name AS users_last_name, users.full_name AS users_full_name, users.department AS users_department, users.designation AS users_designation, users.phone AS users_phone, users.address AS users_address, users.profile_picture AS users_profile_picture, users.is_protected AS users_is_protected, users.is_active AS users_is_active, users.requires_password_change AS users_requires_password_change, users.verification_code AS users_verification_code, users.failed_login_attempts AS users_failed_login_attempts, users.account_locked_until AS users_account_locked_until, users.last_login AS users_last_login, users.email_verified AS users_email_verified, users.email_verification_token AS users_email_verification_token, users.google_id AS users_google_id, users.oauth_provider AS users_oauth_provider, users.navigation_permissions AS users_navigation_permissions, users.created_at AS users_created_at 
FROM users 
WHERE users.id = ?]
[parameters: (1,)]
(Background on this error at: https://sqlalche.me/e/20/e3q8)
2025-10-29 13:45:46,701 - app.services.backup_service - ERROR - Error during auto backup: can't subtract offset-naive and offset-aware datetimes
2025-10-29 13:45:46,702 - app.services.scheduler_service - ERROR - Automatic backup failed: Error during auto backup: can't subtract offset-naive and offset-aware datetimes
2025-10-29 13:46:11,965 - app.services.backup_service - ERROR - Error during auto backup: can't subtract offset-naive and offset-aware datetimes
2025-10-29 13:46:11,965 - app.services.scheduler_service - ERROR - Automatic backup failed: Error during auto backup: can't subtract offset-naive and offset-aware datetimes
2025-10-29 13:46:28,244 - app.services.data_persistence - ERROR - Database error during request: (sqlite3.OperationalError) no such column: users.failed_login_attempts
[SQL: SELECT users.id AS users_id, users.employee_id AS users_employee_id, users.username AS users_username, users.email AS users_email, users.password_hash AS users_password_hash, users.role AS users_role, users.first_name AS users_first_name, users.last_name AS users_last_name, users.full_name AS users_full_name, users.department AS users_department, users.designation AS users_designation, users.phone AS users_phone, users.address AS users_address, users.profile_picture AS users_profile_picture, users.is_protected AS users_is_protected, users.is_active AS users_is_active, users.requires_password_change AS users_requires_password_change, users.verification_code AS users_verification_code, users.failed_login_attempts AS users_failed_login_attempts, users.account_locked_until AS users_account_locked_until, users.last_login AS users_last_login, users.email_verified AS users_email_verified, users.email_verification_token AS users_email_verification_token, users.google_id AS users_google_id, users.oauth_provider AS users_oauth_provider, users.navigation_permissions AS users_navigation_permissions, users.created_at AS users_created_at 
FROM users 
WHERE users.id = ?]
[parameters: (1,)]
(Background on this error at: https://sqlalche.me/e/20/e3q8)
2025-10-29 13:47:28,287 - app.services.data_persistence - ERROR - Database error during request: (sqlite3.OperationalError) no such column: users.failed_login_attempts
[SQL: SELECT users.id AS users_id, users.employee_id AS users_employee_id, users.username AS users_username, users.email AS users_email, users.password_hash AS users_password_hash, users.role AS users_role, users.first_name AS users_first_name, users.last_name AS users_last_name, users.full_name AS users_full_name, users.department AS users_department, users.designation AS users_designation, users.phone AS users_phone, users.address AS users_address, users.profile_picture AS users_profile_picture, users.is_protected AS users_is_protected, users.is_active AS users_is_active, users.requires_password_change AS users_requires_password_change, users.verification_code AS users_verification_code, users.failed_login_attempts AS users_failed_login_attempts, users.account_locked_until AS users_account_locked_until, users.last_login AS users_last_login, users.email_verified AS users_email_verified, users.email_verification_token AS users_email_verification_token, users.google_id AS users_google_id, users.oauth_provider AS users_oauth_provider, users.navigation_permissions AS users_navigation_permissions, users.created_at AS users_created_at 
FROM users 
WHERE users.id = ?]
[parameters: (1,)]
(Background on this error at: https://sqlalche.me/e/20/e3q8)
2025-10-29 13:48:28,268 - app.services.data_persistence - ERROR - Database error during request: (sqlite3.OperationalError) no such column: users.failed_login_attempts
[SQL: SELECT users.id AS users_id, users.employee_id AS users_employee_id, users.username AS users_username, users.email AS users_email, users.password_hash AS users_password_hash, users.role AS users_role, users.first_name AS users_first_name, users.last_name AS users_last_name, users.full_name AS users_full_name, users.department AS users_department, users.designation AS users_designation, users.phone AS users_phone, users.address AS users_address, users.profile_picture AS users_profile_picture, users.is_protected AS users_is_protected, users.is_active AS users_is_active, users.requires_password_change AS users_requires_password_change, users.verification_code AS users_verification_code, users.failed_login_attempts AS users_failed_login_attempts, users.account_locked_until AS users_account_locked_until, users.last_login AS users_last_login, users.email_verified AS users_email_verified, users.email_verification_token AS users_email_verification_token, users.google_id AS users_google_id, users.oauth_provider AS users_oauth_provider, users.navigation_permissions AS users_navigation_permissions, users.created_at AS users_created_at 
FROM users 
WHERE users.id = ?]
[parameters: (1,)]
(Background on this error at: https://sqlalche.me/e/20/e3q8)
2025-10-29 13:48:41,967 - app.services.backup_service - ERROR - Error during auto backup: can't subtract offset-naive and offset-aware datetimes
2025-10-29 13:48:41,968 - app.services.scheduler_service - ERROR - Automatic backup failed: Error during auto backup: can't subtract offset-naive and offset-aware datetimes
2025-10-29 13:49:28,280 - app.services.data_persistence - ERROR - Database error during request: (sqlite3.OperationalError) no such column: users.failed_login_attempts
[SQL: SELECT users.id AS users_id, users.employee_id AS users_employee_id, users.username AS users_username, users.email AS users_email, users.password_hash AS users_password_hash, users.role AS users_role, users.first_name AS users_first_name, users.last_name AS users_last_name, users.full_name AS users_full_name, users.department AS users_department, users.designation AS users_designation, users.phone AS users_phone, users.address AS users_address, users.profile_picture AS users_profile_picture, users.is_protected AS users_is_protected, users.is_active AS users_is_active, users.requires_password_change AS users_requires_password_change, users.verification_code AS users_verification_code, users.failed_login_attempts AS users_failed_login_attempts, users.account_locked_until AS users_account_locked_until, users.last_login AS users_last_login, users.email_verified AS users_email_verified, users.email_verification_token AS users_email_verification_token, users.google_id AS users_google_id, users.oauth_provider AS users_oauth_provider, users.navigation_permissions AS users_navigation_permissions, users.created_at AS users_created_at 
FROM users 
WHERE users.id = ?]
[parameters: (1,)]
(Background on this error at: https://sqlalche.me/e/20/e3q8)
2025-10-29 13:49:59,231 - app.services.backup_service - ERROR - Error during auto backup: can't subtract offset-naive and offset-aware datetimes
2025-10-29 13:49:59,232 - app.services.scheduler_service - ERROR - Automatic backup failed: Error during auto backup: can't subtract offset-naive and offset-aware datetimes
2025-10-29 13:49:59,613 - app.services.backup_service - ERROR - Error during auto backup: can't subtract offset-naive and offset-aware datetimes
2025-10-29 13:49:59,613 - app.services.scheduler_service - ERROR - Automatic backup failed: Error during auto backup: can't subtract offset-naive and offset-aware datetimes
2025-10-29 13:50:11,307 - app.services.backup_service - ERROR - Error during auto backup: can't subtract offset-naive and offset-aware datetimes
2025-10-29 13:50:11,308 - app.services.scheduler_service - ERROR - Automatic backup failed: Error during auto backup: can't subtract offset-naive and offset-aware datetimes
2025-10-29 13:50:12,009 - app.services.backup_service - ERROR - Error during auto backup: can't subtract offset-naive and offset-aware datetimes
2025-10-29 13:50:12,010 - app.services.scheduler_service - ERROR - Automatic backup failed: Error during auto backup: can't subtract offset-naive and offset-aware datetimes
2025-10-29 13:50:28,271 - app.services.data_persistence - ERROR - Database error during request: (sqlite3.OperationalError) no such column: users.failed_login_attempts
[SQL: SELECT users.id AS users_id, users.employee_id AS users_employee_id, users.username AS users_username, users.email AS users_email, users.password_hash AS users_password_hash, users.role AS users_role, users.first_name AS users_first_name, users.last_name AS users_last_name, users.full_name AS users_full_name, users.department AS users_department, users.designation AS users_designation, users.phone AS users_phone, users.address AS users_address, users.profile_picture AS users_profile_picture, users.is_protected AS users_is_protected, users.is_active AS users_is_active, users.requires_password_change AS users_requires_password_change, users.verification_code AS users_verification_code, users.failed_login_attempts AS users_failed_login_attempts, users.account_locked_until AS users_account_locked_until, users.last_login AS users_last_login, users.email_verified AS users_email_verified, users.email_verification_token AS users_email_verification_token, users.google_id AS users_google_id, users.oauth_provider AS users_oauth_provider, users.navigation_permissions AS users_navigation_permissions, users.created_at AS users_created_at 
FROM users 
WHERE users.id = ?]
[parameters: (1,)]
(Background on this error at: https://sqlalche.me/e/20/e3q8)
2025-10-29 13:50:50,020 - app.services.backup_service - ERROR - Error during auto backup: can't subtract offset-naive and offset-aware datetimes
2025-10-29 13:50:50,020 - app.services.scheduler_service - ERROR - Automatic backup failed: Error during auto backup: can't subtract offset-naive and offset-aware datetimes
2025-10-29 13:50:50,652 - app.services.backup_service - ERROR - Error during auto backup: can't subtract offset-naive and offset-aware datetimes
2025-10-29 13:50:50,652 - app.services.scheduler_service - ERROR - Automatic backup failed: Error during auto backup: can't subtract offset-naive and offset-aware datetimes
2025-10-29 13:51:21,473 - app.services.backup_service - ERROR - Error during auto backup: can't subtract offset-naive and offset-aware datetimes
2025-10-29 13:51:21,474 - app.services.scheduler_service - ERROR - Automatic backup failed: Error during auto backup: can't subtract offset-naive and offset-aware datetimes
2025-10-29 13:51:21,909 - app.services.backup_service - ERROR - Error during auto backup: can't subtract offset-naive and offset-aware datetimes
2025-10-29 13:51:21,910 - app.services.scheduler_service - ERROR - Automatic backup failed: Error during auto backup: can't subtract offset-naive and offset-aware datetimes
2025-10-29 13:51:28,289 - app.services.data_persistence - ERROR - Database error during request: (sqlite3.OperationalError) no such column: users.failed_login_attempts
[SQL: SELECT users.id AS users_id, users.employee_id AS users_employee_id, users.username AS users_username, users.email AS users_email, users.password_hash AS users_password_hash, users.role AS users_role, users.first_name AS users_first_name, users.last_name AS users_last_name, users.full_name AS users_full_name, users.department AS users_department, users.designation AS users_designation, users.phone AS users_phone, users.address AS users_address, users.profile_picture AS users_profile_picture, users.is_protected AS users_is_protected, users.is_active AS users_is_active, users.requires_password_change AS users_requires_password_change, users.verification_code AS users_verification_code, users.failed_login_attempts AS users_failed_login_attempts, users.account_locked_until AS users_account_locked_until, users.last_login AS users_last_login, users.email_verified AS users_email_verified, users.email_verification_token AS users_email_verification_token, users.google_id AS users_google_id, users.oauth_provider AS users_oauth_provider, users.navigation_permissions AS users_navigation_permissions, users.created_at AS users_created_at 
FROM users 
WHERE users.id = ?]
[parameters: (1,)]
(Background on this error at: https://sqlalche.me/e/20/e3q8)
2025-10-29 13:52:28,279 - app.services.data_persistence - ERROR - Database error during request: (sqlite3.OperationalError) no such column: users.failed_login_attempts
[SQL: SELECT users.id AS users_id, users.employee_id AS users_employee_id, users.username AS users_username, users.email AS users_email, users.password_hash AS users_password_hash, users.role AS users_role, users.first_name AS users_first_name, users.last_name AS users_last_name, users.full_name AS users_full_name, users.department AS users_department, users.designation AS users_designation, users.phone AS users_phone, users.address AS users_address, users.profile_picture AS users_profile_picture, users.is_protected AS users_is_protected, users.is_active AS users_is_active, users.requires_password_change AS users_requires_password_change, users.verification_code AS users_verification_code, users.failed_login_attempts AS users_failed_login_attempts, users.account_locked_until AS users_account_locked_until, users.last_login AS users_last_login, users.email_verified AS users_email_verified, users.email_verification_token AS users_email_verification_token, users.google_id AS users_google_id, users.oauth_provider AS users_oauth_provider, users.navigation_permissions AS users_navigation_permissions, users.created_at AS users_created_at 
FROM users 
WHERE users.id = ?]
[parameters: (1,)]
(Background on this error at: https://sqlalche.me/e/20/e3q8)
2025-10-29 13:53:28,231 - app.services.data_persistence - ERROR - Database error during request: (sqlite3.OperationalError) no such column: users.failed_login_attempts
[SQL: SELECT users.id AS users_id, users.employee_id AS users_employee_id, users.username AS users_username, users.email AS users_email, users.password_hash AS users_password_hash, users.role AS users_role, users.first_name AS users_first_name, users.last_name AS users_last_name, users.full_name AS users_full_name, users.department AS users_department, users.designation AS users_designation, users.phone AS users_phone, users.address AS users_address, users.profile_picture AS users_profile_picture, users.is_protected AS users_is_protected, users.is_active AS users_is_active, users.requires_password_change AS users_requires_password_change, users.verification_code AS users_verification_code, users.failed_login_attempts AS users_failed_login_attempts, users.account_locked_until AS users_account_locked_until, users.last_login AS users_last_login, users.email_verified AS users_email_verified, users.email_verification_token AS users_email_verification_token, users.google_id AS users_google_id, users.oauth_provider AS users_oauth_provider, users.navigation_permissions AS users_navigation_permissions, users.created_at AS users_created_at 
FROM users 
WHERE users.id = ?]
[parameters: (1,)]
(Background on this error at: https://sqlalche.me/e/20/e3q8)
2025-10-29 13:54:28,277 - app.services.data_persistence - ERROR - Database error during request: (sqlite3.OperationalError) no such column: users.google_id
[SQL: SELECT users.id AS users_id, users.employee_id AS users_employee_id, users.username AS users_username, users.email AS users_email, users.password_hash AS users_password_hash, users.role AS users_role, users.first_name AS users_first_name, users.last_name AS users_last_name, users.full_name AS users_full_name, users.department AS users_department, users.designation AS users_designation, users.phone AS users_phone, users.address AS users_address, users.profile_picture AS users_profile_picture, users.is_protected AS users_is_protected, users.is_active AS users_is_active, users.requires_password_change AS users_requires_password_change, users.verification_code AS users_verification_code, users.failed_login_attempts AS users_failed_login_attempts, users.account_locked_until AS users_account_locked_until, users.last_login AS users_last_login, users.email_verified AS users_email_verified, users.email_verification_token AS users_email_verification_token, users.google_id AS users_google_id, users.oauth_provider AS users_oauth_provider, users.navigation_permissions AS users_navigation_permissions, users.created_at AS users_created_at 
FROM users 
WHERE users.id = ?]
[parameters: (1,)]
(Background on this error at: https://sqlalche.me/e/20/e3q8)
2025-10-29 13:55:13,700 - app.services.backup_service - ERROR - Error during auto backup: can't subtract offset-naive and offset-aware datetimes
2025-10-29 13:55:13,700 - app.services.scheduler_service - ERROR - Automatic backup failed: Error during auto backup: can't subtract offset-naive and offset-aware datetimes
2025-10-29 14:26:11,739 - app.services.backup_service - ERROR - Error during auto backup: can't subtract offset-naive and offset-aware datetimes
2025-10-29 14:26:11,739 - app.services.scheduler_service - ERROR - Automatic backup failed: Error during auto backup: can't subtract offset-naive and offset-aware datetimes
2025-10-29 14:26:11,739 - app.services.backup_service - ERROR - Error during auto backup: can't subtract offset-naive and offset-aware datetimes
2025-10-29 14:26:11,740 - app.services.scheduler_service - ERROR - Automatic backup failed: Error during auto backup: can't subtract offset-naive and offset-aware datetimes
2025-10-29 14:26:12,193 - app.services.backup_service - ERROR - Error during auto backup: can't subtract offset-naive and offset-aware datetimes
2025-10-29 14:26:12,193 - app.services.scheduler_service - ERROR - Automatic backup failed: Error during auto backup: can't subtract offset-naive and offset-aware datetimes
2025-10-29 14:26:34,966 - app.services.backup_service - ERROR - Error during auto backup: can't subtract offset-naive and offset-aware datetimes
2025-10-29 14:26:34,967 - app.services.scheduler_service - ERROR - Automatic backup failed: Error during auto backup: can't subtract offset-naive and offset-aware datetimes
2025-10-29 14:26:34,971 - app.services.backup_service - ERROR - Error during auto backup: can't subtract offset-naive and offset-aware datetimes
2025-10-29 14:26:34,971 - app.services.scheduler_service - ERROR - Automatic backup failed: Error during auto backup: can't subtract offset-naive and offset-aware datetimes
2025-10-29 14:26:35,451 - app.services.backup_service - ERROR - Error during auto backup: can't subtract offset-naive and offset-aware datetimes
2025-10-29 14:26:35,453 - app.services.scheduler_service - ERROR - Automatic backup failed: Error during auto backup: can't subtract offset-naive and offset-aware datetimes
2025-10-29 14:26:44,350 - app.services.backup_service - ERROR - Error during auto backup: can't subtract offset-naive and offset-aware datetimes
2025-10-29 14:26:44,350 - app.services.scheduler_service - ERROR - Automatic backup failed: Error during auto backup: can't subtract offset-naive and offset-aware datetimes
2025-10-29 14:26:45,095 - app.services.backup_service - ERROR - Error during auto backup: can't subtract offset-naive and offset-aware datetimes
2025-10-29 14:26:45,095 - app.services.scheduler_service - ERROR - Automatic backup failed: Error during auto backup: can't subtract offset-naive and offset-aware datetimes
2025-10-29 14:26:45,096 - app.services.backup_service - ERROR - Error during auto backup: can't subtract offset-naive and offset-aware datetimes
2025-10-29 14:26:45,096 - app.services.scheduler_service - ERROR - Automatic backup failed: Error during auto backup: can't subtract offset-naive and offset-aware datetimes
2025-10-29 14:35:22,863 - app.services.backup_service - ERROR - Error during auto backup: can't subtract offset-naive and offset-aware datetimes
2025-10-29 14:35:22,864 - app.services.scheduler_service - ERROR - Automatic backup failed: Error during auto backup: can't subtract offset-naive and offset-aware datetimes
2025-10-29 14:35:23,188 - app.services.backup_service - ERROR - Error during auto backup: can't subtract offset-naive and offset-aware datetimes
2025-10-29 14:35:23,188 - app.services.scheduler_service - ERROR - Automatic backup failed: Error during auto backup: can't subtract offset-naive and offset-aware datetimes
2025-10-29 14:35:23,935 - app.services.backup_service - ERROR - Error during auto backup: can't subtract offset-naive and offset-aware datetimes
2025-10-29 14:35:23,936 - app.services.scheduler_service - ERROR - Automatic backup failed: Error during auto backup: can't subtract offset-naive and offset-aware datetimes
2025-10-29 14:35:39,376 - app.services.backup_service - ERROR - Error during auto backup: can't subtract offset-naive and offset-aware datetimes
2025-10-29 14:35:39,376 - app.services.scheduler_service - ERROR - Automatic backup failed: Error during auto backup: can't subtract offset-naive and offset-aware datetimes
2025-10-29 14:35:39,461 - app.services.backup_service - ERROR - Error during auto backup: can't subtract offset-naive and offset-aware datetimes
2025-10-29 14:35:39,461 - app.services.scheduler_service - ERROR - Automatic backup failed: Error during auto backup: can't subtract offset-naive and offset-aware datetimes
2025-10-29 14:35:39,797 - app.services.backup_service - ERROR - Error during auto backup: can't subtract offset-naive and offset-aware datetimes
2025-10-29 14:35:39,797 - app.services.scheduler_service - ERROR - Automatic backup failed: Error during auto backup: can't subtract offset-naive and offset-aware datetimes
2025-10-30 12:57:35,991 - app.services.backup_service - ERROR - Error during auto backup: can't subtract offset-naive and offset-aware datetimes
2025-10-30 12:57:35,991 - app.services.scheduler_service - ERROR - Automatic backup failed: Error during auto backup: can't subtract offset-naive and offset-aware datetimes
